ERROR:root:Failed to process folder: C:/Users/PowerUser/Documents/Github_Repos_RSL/Ask_My_PDF. Error: 404 Client Error: Not Found for url: https://api.github.com/orgs/https://github.com/AI-Training-Projects/repos
ERROR:root:Failed to process folder: C:/Users/PowerUser/Documents/Github_Repos_RSL/Ask_Multiple_PDFs. Error: 404 Client Error: Not Found for url: https://api.github.com/orgs/https://github.com/AI-Training-Projects/repos
ERROR:root:Failed to process folder: C:/Users/PowerUser/Documents/Github_Repos_RSL/Streamlit_Cancer_Prediction. Error: 404 Client Error: Not Found for url: https://api.github.com/orgs/https://github.com/AI-Training-Projects/repos
ERROR:root:Failed to process folder: C:/Users/PowerUser/Documents/Github_Repos_RSL/GitAutomation_Tools. Error: 404 Client Error: Not Found for url: https://api.github.com/orgs/https://github.com/AI-Training-Projects/repos
ERROR:root:Failed to process folder: Ask_My_PDF. Error: 422 Client Error: Unprocessable Entity for url: https://api.github.com/orgs/AI-Training-Projects/repos
ERROR:root:Failed to process folder: Ask_Multiple_PDFs. Error: 422 Client Error: Unprocessable Entity for url: https://api.github.com/orgs/AI-Training-Projects/repos
ERROR:root:Failed to process folder: Streamlit_Cancer_Prediction. Error: 422 Client Error: Unprocessable Entity for url: https://api.github.com/orgs/AI-Training-Projects/repos
INFO:root:Successfully processed folder: GitAutomation_Tools
ERROR:root:Failed to process folder: Ask_My_PDF. Error: 422 Client Error: Unprocessable Entity for url: https://api.github.com/orgs/AI-Training-Projects/repos
ERROR:root:Failed to process folder: Ask_Multiple_PDFs. Error: 422 Client Error: Unprocessable Entity for url: https://api.github.com/orgs/AI-Training-Projects/repos
ERROR:root:Failed to process folder: Streamlit_Cancer_Prediction. Error: 422 Client Error: Unprocessable Entity for url: https://api.github.com/orgs/AI-Training-Projects/repos
ERROR:root:Failed to process folder: GitAutomation_Tools. Error: 422 Client Error: Unprocessable Entity for url: https://api.github.com/orgs/AI-Training-Projects/repos
ERROR:root:Failed to process folder: Ask_My_PDF. Error: 422 Client Error: Unprocessable Entity for url: https://api.github.com/orgs/AI-Training-Projects/repos
ERROR:root:Failed to process folder: Ask_Multiple_PDFs. Error: 422 Client Error: Unprocessable Entity for url: https://api.github.com/orgs/AI-Training-Projects/repos
ERROR:root:Failed to process folder: Streamlit_Cancer_Prediction. Error: 422 Client Error: Unprocessable Entity for url: https://api.github.com/orgs/AI-Training-Projects/repos
ERROR:root:Failed to process folder: GitAutomation_Tools. Error: 422 Client Error: Unprocessable Entity for url: https://api.github.com/orgs/AI-Training-Projects/repos
INFO:root:Successfully processed folder: Ask_My_PDF
INFO:root:Successfully processed folder: Ask_Multiple_PDFs
INFO:root:Successfully processed folder: Streamlit_Cancer_Prediction
INFO:root:Successfully processed folder: GitAutomation_Tools
INFO:root:Successfully processed folder: Ask_My_PDF
INFO:root:Successfully processed folder: Ask_Multiple_PDFs
INFO:root:Successfully processed folder: Streamlit_Cancer_Prediction
INFO:root:Successfully processed folder: GitAutomation_Tools
